{"/Users/shaqexpress/Desktop/learn-build-share/redux-toolkit/examples/shopping-cart/src/icons.jsx": {"path":"/Users/shaqexpress/Desktop/learn-build-share/redux-toolkit/examples/shopping-cart/src/icons.jsx","all":false,"statementMap":{"0":{"start":{"line":1,"column":0},"end":{"line":1,"column":31}},"1":{"start":{"line":2,"column":0},"end":{"line":2,"column":10}},"2":{"start":{"line":3,"column":0},"end":{"line":3,"column":8}},"3":{"start":{"line":4,"column":0},"end":{"line":4,"column":40}},"4":{"start":{"line":5,"column":0},"end":{"line":5,"column":26}},"5":{"start":{"line":6,"column":0},"end":{"line":6,"column":17}},"6":{"start":{"line":7,"column":0},"end":{"line":7,"column":25}},"7":{"start":{"line":8,"column":0},"end":{"line":8,"column":27}},"8":{"start":{"line":9,"column":0},"end":{"line":9,"column":21}},"10":{"start":{"line":11,"column":0},"end":{"line":11,"column":11}},"11":{"start":{"line":12,"column":0},"end":{"line":12,"column":29}},"12":{"start":{"line":13,"column":0},"end":{"line":13,"column":30}},"13":{"start":{"line":14,"column":0},"end":{"line":14,"column":54}},"14":{"start":{"line":15,"column":0},"end":{"line":15,"column":8}},"15":{"start":{"line":16,"column":0},"end":{"line":16,"column":10}},"17":{"start":{"line":18,"column":0},"end":{"line":18,"column":2}},"19":{"start":{"line":20,"column":0},"end":{"line":20,"column":34}},"20":{"start":{"line":21,"column":0},"end":{"line":21,"column":10}},"21":{"start":{"line":22,"column":0},"end":{"line":22,"column":8}},"22":{"start":{"line":23,"column":0},"end":{"line":23,"column":40}},"23":{"start":{"line":24,"column":0},"end":{"line":24,"column":25}},"24":{"start":{"line":25,"column":0},"end":{"line":25,"column":17}},"25":{"start":{"line":26,"column":0},"end":{"line":26,"column":25}},"26":{"start":{"line":27,"column":0},"end":{"line":27,"column":27}},"27":{"start":{"line":28,"column":0},"end":{"line":28,"column":21}},"29":{"start":{"line":30,"column":0},"end":{"line":30,"column":78}},"30":{"start":{"line":31,"column":0},"end":{"line":31,"column":10}},"32":{"start":{"line":33,"column":0},"end":{"line":33,"column":2}},"34":{"start":{"line":35,"column":0},"end":{"line":35,"column":32}},"35":{"start":{"line":36,"column":0},"end":{"line":36,"column":10}},"36":{"start":{"line":37,"column":0},"end":{"line":37,"column":8}},"37":{"start":{"line":38,"column":0},"end":{"line":38,"column":40}},"38":{"start":{"line":39,"column":0},"end":{"line":39,"column":25}},"39":{"start":{"line":40,"column":0},"end":{"line":40,"column":17}},"40":{"start":{"line":41,"column":0},"end":{"line":41,"column":25}},"41":{"start":{"line":42,"column":0},"end":{"line":42,"column":27}},"42":{"start":{"line":43,"column":0},"end":{"line":43,"column":21}},"44":{"start":{"line":45,"column":0},"end":{"line":45,"column":77}},"45":{"start":{"line":46,"column":0},"end":{"line":46,"column":10}},"47":{"start":{"line":48,"column":0},"end":{"line":48,"column":2}}},"s":{"0":1,"1":0,"2":0,"3":0,"4":0,"5":0,"6":0,"7":0,"8":0,"10":0,"11":0,"12":0,"13":0,"14":0,"15":0,"17":0,"19":1,"20":6,"21":6,"22":6,"23":6,"24":6,"25":6,"26":6,"27":6,"29":6,"30":6,"32":6,"34":1,"35":6,"36":6,"37":6,"38":6,"39":6,"40":6,"41":6,"42":6,"44":6,"45":6,"47":6},"branchMap":{"0":{"type":"branch","line":20,"loc":{"start":{"line":20,"column":27},"end":{"line":33,"column":2}},"locations":[{"start":{"line":20,"column":27},"end":{"line":33,"column":2}}]},"1":{"type":"branch","line":35,"loc":{"start":{"line":35,"column":25},"end":{"line":48,"column":2}},"locations":[{"start":{"line":35,"column":25},"end":{"line":48,"column":2}}]}},"b":{"0":[6],"1":[6]},"fnMap":{"0":{"name":"CartIcon","decl":{"start":{"line":1,"column":24},"end":{"line":18,"column":2}},"loc":{"start":{"line":1,"column":24},"end":{"line":18,"column":2}},"line":1},"1":{"name":"ChevronDown","decl":{"start":{"line":20,"column":27},"end":{"line":33,"column":2}},"loc":{"start":{"line":20,"column":27},"end":{"line":33,"column":2}},"line":20},"2":{"name":"ChevronUp","decl":{"start":{"line":35,"column":25},"end":{"line":48,"column":2}},"loc":{"start":{"line":35,"column":25},"end":{"line":48,"column":2}},"line":35}},"f":{"0":0,"1":6,"2":6}}
,"/Users/shaqexpress/Desktop/learn-build-share/redux-toolkit/examples/shopping-cart/src/components/cart-item/index.jsx": {"path":"/Users/shaqexpress/Desktop/learn-build-share/redux-toolkit/examples/shopping-cart/src/components/cart-item/index.jsx","all":false,"statementMap":{"0":{"start":{"line":1,"column":0},"end":{"line":1,"column":42}},"1":{"start":{"line":2,"column":0},"end":{"line":2,"column":53}},"3":{"start":{"line":4,"column":0},"end":{"line":4,"column":8}},"9":{"start":{"line":10,"column":0},"end":{"line":10,"column":66}},"10":{"start":{"line":11,"column":0},"end":{"line":11,"column":33}},"12":{"start":{"line":13,"column":0},"end":{"line":13,"column":52}},"13":{"start":{"line":14,"column":0},"end":{"line":14,"column":24}},"14":{"start":{"line":15,"column":0},"end":{"line":15,"column":27}},"15":{"start":{"line":16,"column":0},"end":{"line":16,"column":13}},"16":{"start":{"line":17,"column":0},"end":{"line":17,"column":5}},"18":{"start":{"line":19,"column":0},"end":{"line":19,"column":35}},"19":{"start":{"line":20,"column":0},"end":{"line":20,"column":4}},"21":{"start":{"line":22,"column":0},"end":{"line":22,"column":10}},"22":{"start":{"line":23,"column":0},"end":{"line":23,"column":35}},"23":{"start":{"line":24,"column":0},"end":{"line":24,"column":35}},"25":{"start":{"line":26,"column":0},"end":{"line":26,"column":24}},"26":{"start":{"line":27,"column":0},"end":{"line":27,"column":35}},"27":{"start":{"line":28,"column":0},"end":{"line":28,"column":48}},"28":{"start":{"line":29,"column":0},"end":{"line":29,"column":76}},"30":{"start":{"line":31,"column":0},"end":{"line":31,"column":17}},"31":{"start":{"line":32,"column":0},"end":{"line":32,"column":12}},"33":{"start":{"line":34,"column":0},"end":{"line":34,"column":24}},"34":{"start":{"line":35,"column":0},"end":{"line":35,"column":15}},"35":{"start":{"line":36,"column":0},"end":{"line":36,"column":56}},"36":{"start":{"line":37,"column":0},"end":{"line":37,"column":34}},"38":{"start":{"line":39,"column":0},"end":{"line":39,"column":23}},"39":{"start":{"line":40,"column":0},"end":{"line":40,"column":17}},"41":{"start":{"line":42,"column":0},"end":{"line":42,"column":52}},"43":{"start":{"line":44,"column":0},"end":{"line":44,"column":15}},"44":{"start":{"line":45,"column":0},"end":{"line":45,"column":62}},"45":{"start":{"line":46,"column":0},"end":{"line":46,"column":34}},"47":{"start":{"line":48,"column":0},"end":{"line":48,"column":25}},"48":{"start":{"line":49,"column":0},"end":{"line":49,"column":17}},"49":{"start":{"line":50,"column":0},"end":{"line":50,"column":12}},"50":{"start":{"line":51,"column":0},"end":{"line":51,"column":14}},"52":{"start":{"line":53,"column":0},"end":{"line":53,"column":2}}},"s":{"0":1,"1":1,"3":1,"9":1,"10":6,"12":6,"13":0,"14":0,"15":0,"16":0,"18":0,"19":0,"21":6,"22":6,"23":6,"25":6,"26":6,"27":6,"28":6,"30":6,"31":6,"33":6,"34":6,"35":6,"36":6,"38":6,"39":6,"41":6,"43":6,"44":6,"45":6,"47":6,"48":6,"49":6,"50":6,"52":6},"branchMap":{"0":{"type":"branch","line":10,"loc":{"start":{"line":10,"column":24},"end":{"line":53,"column":2}},"locations":[{"start":{"line":10,"column":24},"end":{"line":53,"column":2}}]}},"b":{"0":[6]},"fnMap":{"0":{"name":"CartItem","decl":{"start":{"line":10,"column":24},"end":{"line":53,"column":2}},"loc":{"start":{"line":10,"column":24},"end":{"line":53,"column":2}},"line":10},"1":{"name":"handleDecreaseQuantity","decl":{"start":{"line":13,"column":33},"end":{"line":20,"column":4}},"loc":{"start":{"line":13,"column":33},"end":{"line":20,"column":4}},"line":13},"2":{"name":"onClick","decl":{"start":{"line":29,"column":25},"end":{"line":29,"column":53}},"loc":{"start":{"line":29,"column":25},"end":{"line":29,"column":53}},"line":29},"3":{"name":"onClick","decl":{"start":{"line":36,"column":19},"end":{"line":36,"column":56}},"loc":{"start":{"line":36,"column":19},"end":{"line":36,"column":56}},"line":36},"4":{"name":"onClick","decl":{"start":{"line":45,"column":19},"end":{"line":45,"column":62}},"loc":{"start":{"line":45,"column":19},"end":{"line":45,"column":62}},"line":45}},"f":{"0":6,"1":0,"2":0,"3":0,"4":0}}
,"/Users/shaqexpress/Desktop/learn-build-share/redux-toolkit/examples/shopping-cart/src/slice/cart/cartSlice.jsx": {"path":"/Users/shaqexpress/Desktop/learn-build-share/redux-toolkit/examples/shopping-cart/src/slice/cart/cartSlice.jsx","all":false,"statementMap":{"0":{"start":{"line":1,"column":0},"end":{"line":1,"column":47}},"2":{"start":{"line":3,"column":0},"end":{"line":3,"column":22}},"3":{"start":{"line":4,"column":0},"end":{"line":4,"column":11}},"4":{"start":{"line":5,"column":0},"end":{"line":5,"column":14}},"5":{"start":{"line":6,"column":0},"end":{"line":6,"column":11}},"6":{"start":{"line":7,"column":0},"end":{"line":7,"column":2}},"8":{"start":{"line":9,"column":0},"end":{"line":9,"column":31}},"9":{"start":{"line":10,"column":0},"end":{"line":10,"column":20}},"10":{"start":{"line":11,"column":0},"end":{"line":11,"column":15}},"11":{"start":{"line":12,"column":0},"end":{"line":12,"column":13}},"12":{"start":{"line":13,"column":0},"end":{"line":13,"column":45}},"13":{"start":{"line":14,"column":0},"end":{"line":14,"column":53}},"14":{"start":{"line":15,"column":0},"end":{"line":15,"column":23}},"15":{"start":{"line":16,"column":0},"end":{"line":16,"column":29}},"16":{"start":{"line":17,"column":0},"end":{"line":17,"column":40}},"17":{"start":{"line":18,"column":0},"end":{"line":18,"column":60}},"18":{"start":{"line":19,"column":0},"end":{"line":19,"column":20}},"19":{"start":{"line":20,"column":0},"end":{"line":20,"column":10}},"20":{"start":{"line":21,"column":0},"end":{"line":21,"column":6}},"21":{"start":{"line":22,"column":0},"end":{"line":22,"column":27}},"22":{"start":{"line":23,"column":0},"end":{"line":23,"column":22}},"23":{"start":{"line":24,"column":0},"end":{"line":24,"column":6}},"24":{"start":{"line":25,"column":0},"end":{"line":25,"column":32}},"25":{"start":{"line":26,"column":0},"end":{"line":26,"column":74}},"26":{"start":{"line":27,"column":0},"end":{"line":27,"column":6}},"27":{"start":{"line":28,"column":0},"end":{"line":28,"column":42}},"28":{"start":{"line":29,"column":0},"end":{"line":29,"column":76}},"29":{"start":{"line":30,"column":0},"end":{"line":30,"column":21}},"30":{"start":{"line":31,"column":0},"end":{"line":31,"column":31}},"31":{"start":{"line":32,"column":0},"end":{"line":32,"column":7}},"32":{"start":{"line":33,"column":0},"end":{"line":33,"column":6}},"33":{"start":{"line":34,"column":0},"end":{"line":34,"column":42}},"34":{"start":{"line":35,"column":0},"end":{"line":35,"column":76}},"35":{"start":{"line":36,"column":0},"end":{"line":36,"column":21}},"36":{"start":{"line":37,"column":0},"end":{"line":37,"column":37}},"37":{"start":{"line":38,"column":0},"end":{"line":38,"column":78}},"38":{"start":{"line":39,"column":0},"end":{"line":39,"column":16}},"39":{"start":{"line":40,"column":0},"end":{"line":40,"column":33}},"40":{"start":{"line":41,"column":0},"end":{"line":41,"column":9}},"41":{"start":{"line":42,"column":0},"end":{"line":42,"column":7}},"42":{"start":{"line":43,"column":0},"end":{"line":43,"column":6}},"43":{"start":{"line":44,"column":0},"end":{"line":44,"column":32}},"44":{"start":{"line":45,"column":0},"end":{"line":45,"column":23}},"45":{"start":{"line":46,"column":0},"end":{"line":46,"column":20}},"47":{"start":{"line":48,"column":0},"end":{"line":48,"column":36}},"48":{"start":{"line":49,"column":0},"end":{"line":49,"column":34}},"49":{"start":{"line":50,"column":0},"end":{"line":50,"column":52}},"50":{"start":{"line":51,"column":0},"end":{"line":51,"column":9}},"52":{"start":{"line":53,"column":0},"end":{"line":53,"column":32}},"53":{"start":{"line":54,"column":0},"end":{"line":54,"column":37}},"54":{"start":{"line":55,"column":0},"end":{"line":55,"column":6}},"55":{"start":{"line":56,"column":0},"end":{"line":56,"column":4}},"56":{"start":{"line":57,"column":0},"end":{"line":57,"column":3}},"58":{"start":{"line":59,"column":0},"end":{"line":59,"column":14}},"59":{"start":{"line":60,"column":0},"end":{"line":60,"column":12}},"60":{"start":{"line":61,"column":0},"end":{"line":61,"column":9}},"61":{"start":{"line":62,"column":0},"end":{"line":62,"column":19}},"62":{"start":{"line":63,"column":0},"end":{"line":63,"column":19}},"63":{"start":{"line":64,"column":0},"end":{"line":64,"column":17}},"64":{"start":{"line":65,"column":0},"end":{"line":65,"column":22}},"65":{"start":{"line":66,"column":0},"end":{"line":66,"column":22}},"67":{"start":{"line":68,"column":0},"end":{"line":68,"column":33}}},"s":{"0":1,"2":1,"3":1,"4":1,"5":1,"6":1,"8":1,"9":1,"10":1,"11":1,"12":1,"13":0,"14":0,"15":0,"16":0,"17":0,"18":0,"19":0,"20":0,"21":1,"22":0,"23":0,"24":1,"25":0,"26":0,"27":1,"28":0,"29":0,"30":0,"31":0,"32":0,"33":1,"34":0,"35":0,"36":0,"37":0,"38":0,"39":0,"40":0,"41":0,"42":0,"43":1,"44":0,"45":0,"47":0,"48":0,"49":0,"50":0,"52":0,"53":0,"54":0,"55":1,"56":1,"58":1,"59":1,"60":1,"61":1,"62":1,"63":1,"64":1,"65":1,"67":1},"branchMap":{},"b":{},"fnMap":{"0":{"name":"setCartFromProducts","decl":{"start":{"line":13,"column":25},"end":{"line":21,"column":6}},"loc":{"start":{"line":13,"column":25},"end":{"line":21,"column":6}},"line":13},"1":{"name":"clearCart","decl":{"start":{"line":22,"column":15},"end":{"line":24,"column":6}},"loc":{"start":{"line":22,"column":15},"end":{"line":24,"column":6}},"line":22},"2":{"name":"remove","decl":{"start":{"line":25,"column":12},"end":{"line":27,"column":6}},"loc":{"start":{"line":25,"column":12},"end":{"line":27,"column":6}},"line":25},"3":{"name":"increaseQuantity","decl":{"start":{"line":28,"column":22},"end":{"line":33,"column":6}},"loc":{"start":{"line":28,"column":22},"end":{"line":33,"column":6}},"line":28},"4":{"name":"decreaseQuantity","decl":{"start":{"line":34,"column":22},"end":{"line":43,"column":6}},"loc":{"start":{"line":34,"column":22},"end":{"line":43,"column":6}},"line":34},"5":{"name":"calculateTotal","decl":{"start":{"line":44,"column":20},"end":{"line":55,"column":6}},"loc":{"start":{"line":44,"column":20},"end":{"line":55,"column":6}},"line":44}},"f":{"0":0,"1":0,"2":0,"3":0,"4":0,"5":0}}
,"/Users/shaqexpress/Desktop/learn-build-share/redux-toolkit/examples/shopping-cart/src/slice/modal/modalSlice.jsx": {"path":"/Users/shaqexpress/Desktop/learn-build-share/redux-toolkit/examples/shopping-cart/src/slice/modal/modalSlice.jsx","all":false,"statementMap":{"0":{"start":{"line":1,"column":0},"end":{"line":1,"column":47}},"2":{"start":{"line":3,"column":0},"end":{"line":3,"column":22}},"3":{"start":{"line":4,"column":0},"end":{"line":4,"column":16}},"4":{"start":{"line":5,"column":0},"end":{"line":5,"column":2}},"6":{"start":{"line":7,"column":0},"end":{"line":7,"column":32}},"7":{"start":{"line":8,"column":0},"end":{"line":8,"column":21}},"8":{"start":{"line":9,"column":0},"end":{"line":9,"column":15}},"9":{"start":{"line":10,"column":0},"end":{"line":10,"column":13}},"10":{"start":{"line":11,"column":0},"end":{"line":11,"column":27}},"11":{"start":{"line":12,"column":0},"end":{"line":12,"column":26}},"12":{"start":{"line":13,"column":0},"end":{"line":13,"column":6}},"13":{"start":{"line":14,"column":0},"end":{"line":14,"column":28}},"14":{"start":{"line":15,"column":0},"end":{"line":15,"column":27}},"15":{"start":{"line":16,"column":0},"end":{"line":16,"column":6}},"16":{"start":{"line":17,"column":0},"end":{"line":17,"column":4}},"17":{"start":{"line":18,"column":0},"end":{"line":18,"column":3}},"19":{"start":{"line":20,"column":0},"end":{"line":20,"column":60}},"21":{"start":{"line":22,"column":0},"end":{"line":22,"column":34}}},"s":{"0":1,"2":1,"3":1,"4":1,"6":1,"7":1,"8":1,"9":1,"10":1,"11":0,"12":0,"13":1,"14":0,"15":0,"16":1,"17":1,"19":1,"21":1},"branchMap":{},"b":{},"fnMap":{"0":{"name":"openModal","decl":{"start":{"line":11,"column":15},"end":{"line":13,"column":6}},"loc":{"start":{"line":11,"column":15},"end":{"line":13,"column":6}},"line":11},"1":{"name":"closeModal","decl":{"start":{"line":14,"column":16},"end":{"line":16,"column":6}},"loc":{"start":{"line":14,"column":16},"end":{"line":16,"column":6}},"line":14}},"f":{"0":0,"1":0}}
,"/Users/shaqexpress/Desktop/learn-build-share/redux-toolkit/examples/shopping-cart/src/utils/index.js": {"path":"/Users/shaqexpress/Desktop/learn-build-share/redux-toolkit/examples/shopping-cart/src/utils/index.js","all":false,"statementMap":{"0":{"start":{"line":1,"column":0},"end":{"line":1,"column":78}},"1":{"start":{"line":2,"column":0},"end":{"line":2,"column":56}},"2":{"start":{"line":3,"column":0},"end":{"line":3,"column":59}},"4":{"start":{"line":5,"column":0},"end":{"line":5,"column":55}},"5":{"start":{"line":6,"column":0},"end":{"line":6,"column":25}},"6":{"start":{"line":7,"column":0},"end":{"line":7,"column":14}},"7":{"start":{"line":8,"column":0},"end":{"line":8,"column":24}},"8":{"start":{"line":9,"column":0},"end":{"line":9,"column":26}},"9":{"start":{"line":10,"column":0},"end":{"line":10,"column":6}},"10":{"start":{"line":11,"column":0},"end":{"line":11,"column":33}},"11":{"start":{"line":12,"column":0},"end":{"line":12,"column":5}},"12":{"start":{"line":13,"column":0},"end":{"line":13,"column":2}}},"s":{"0":1,"1":1,"2":1,"4":1,"5":1,"6":1,"7":1,"8":1,"9":1,"10":1,"11":1,"12":1},"branchMap":{"0":{"type":"branch","line":5,"loc":{"start":{"line":5,"column":31},"end":{"line":13,"column":2}},"locations":[{"start":{"line":5,"column":31},"end":{"line":13,"column":2}}]}},"b":{"0":[1]},"fnMap":{"0":{"name":"createTestStore","decl":{"start":{"line":5,"column":31},"end":{"line":13,"column":2}},"loc":{"start":{"line":5,"column":31},"end":{"line":13,"column":2}},"line":5}},"f":{"0":1}}
}
